  game.cpp
c:\users\cristian\desktop\test\tankssfml\tankssfml\tile.cpp(34): warning C4244: 'argument': conversion from 'unsigned int' to 'float', possible loss of data
c:\users\cristian\desktop\test\tankssfml\tankssfml\tile.cpp(35): warning C4244: 'argument': conversion from 'unsigned int' to 'float', possible loss of data
c:\users\cristian\desktop\test\tankssfml\tankssfml\tile.cpp(36): warning C4244: 'argument': conversion from 'unsigned int' to 'float', possible loss of data
c:\users\cristian\desktop\test\tankssfml\tankssfml\tile.cpp(37): warning C4244: 'argument': conversion from 'unsigned int' to 'float', possible loss of data
c:\users\cristian\desktop\test\tankssfml\tankssfml\tile.cpp(40): warning C4244: 'argument': conversion from 'unsigned int' to 'float', possible loss of data
c:\users\cristian\desktop\test\tankssfml\tankssfml\tile.cpp(41): warning C4244: 'argument': conversion from 'unsigned int' to 'float', possible loss of data
c:\users\cristian\desktop\test\tankssfml\tankssfml\tile.cpp(42): warning C4244: 'argument': conversion from 'unsigned int' to 'float', possible loss of data
c:\users\cristian\desktop\test\tankssfml\tankssfml\tile.cpp(43): warning C4244: 'argument': conversion from 'unsigned int' to 'float', possible loss of data
game.cpp(14): warning C4244: 'argument': conversion from 'time_t' to 'unsigned int', possible loss of data
game.cpp(167): warning C4244: 'argument': conversion from 'const float' to 'int', possible loss of data
game.cpp(177): warning C4244: 'argument': conversion from 'const float' to 'int', possible loss of data
game.cpp(185): warning C4244: '=': conversion from 'double' to 'int', possible loss of data
game.cpp(187): warning C4244: 'argument': conversion from 'const float' to 'int', possible loss of data
game.cpp(197): warning C4244: 'argument': conversion from 'const float' to 'int', possible loss of data
game.cpp(206): warning C4244: 'argument': conversion from 'const float' to 'int', possible loss of data
game.cpp(214): warning C4244: 'argument': conversion from 'const float' to 'int', possible loss of data
game.cpp(222): warning C4244: 'argument': conversion from 'const float' to 'int', possible loss of data
game.cpp(230): warning C4244: 'argument': conversion from 'const float' to 'int', possible loss of data
game.cpp(238): warning C4244: 'argument': conversion from 'const float' to 'int', possible loss of data
game.cpp(243): warning C4244: '=': conversion from 'double' to 'int', possible loss of data
game.cpp(308): warning C4244: 'argument': conversion from 'const float' to 'int', possible loss of data
game.cpp(309): warning C4244: 'argument': conversion from 'const float' to 'int', possible loss of data
game.cpp(311): warning C4244: 'argument': conversion from 'const float' to 'int', possible loss of data
game.cpp(319): warning C4244: 'argument': conversion from 'const float' to 'int', possible loss of data
game.cpp(320): warning C4244: 'argument': conversion from 'float' to 'int', possible loss of data
game.cpp(320): warning C4244: 'argument': conversion from 'const float' to 'int', possible loss of data
game.cpp(322): warning C4244: 'argument': conversion from 'const float' to 'int', possible loss of data
game.cpp(330): warning C4244: 'argument': conversion from 'const float' to 'int', possible loss of data
game.cpp(331): warning C4244: 'argument': conversion from 'const float' to 'int', possible loss of data
game.cpp(331): warning C4244: 'argument': conversion from 'float' to 'int', possible loss of data
game.cpp(333): warning C4244: 'argument': conversion from 'const float' to 'int', possible loss of data
game.cpp(341): warning C4244: 'argument': conversion from 'const float' to 'int', possible loss of data
game.cpp(342): warning C4244: 'argument': conversion from 'const float' to 'int', possible loss of data
game.cpp(342): warning C4244: 'argument': conversion from 'float' to 'int', possible loss of data
game.cpp(344): warning C4244: 'argument': conversion from 'const float' to 'int', possible loss of data
game.cpp(353): warning C4244: 'argument': conversion from 'const float' to 'int', possible loss of data
game.cpp(354): warning C4244: 'argument': conversion from 'const float' to 'int', possible loss of data
game.cpp(356): warning C4244: 'argument': conversion from 'const float' to 'int', possible loss of data
game.cpp(364): warning C4244: 'argument': conversion from 'const float' to 'int', possible loss of data
game.cpp(365): warning C4244: 'argument': conversion from 'float' to 'int', possible loss of data
game.cpp(365): warning C4244: 'argument': conversion from 'const float' to 'int', possible loss of data
game.cpp(367): warning C4244: 'argument': conversion from 'const float' to 'int', possible loss of data
game.cpp(375): warning C4244: 'argument': conversion from 'const float' to 'int', possible loss of data
game.cpp(376): warning C4244: 'argument': conversion from 'const float' to 'int', possible loss of data
game.cpp(376): warning C4244: 'argument': conversion from 'float' to 'int', possible loss of data
game.cpp(378): warning C4244: 'argument': conversion from 'const float' to 'int', possible loss of data
game.cpp(386): warning C4244: 'argument': conversion from 'const float' to 'int', possible loss of data
game.cpp(387): warning C4244: 'argument': conversion from 'const float' to 'int', possible loss of data
game.cpp(387): warning C4244: 'argument': conversion from 'float' to 'int', possible loss of data
game.cpp(389): warning C4244: 'argument': conversion from 'const float' to 'int', possible loss of data
game.cpp(446): warning C4244: '=': conversion from 'float' to 'int', possible loss of data
  Generating code
  3 of 158 functions ( 1.9%) were compiled, the rest were copied from previous compilation.
    0 functions were new in current compilation
    5 functions had inline decision re-evaluated but remain unchanged
  Finished generating code
  TanksSFML.vcxproj -> C:\Users\Cristian\Desktop\test\TanksSFML\x64\Release\TanksSFML.exe
  TanksSFML.vcxproj -> C:\Users\Cristian\Desktop\test\TanksSFML\x64\Release\TanksSFML.pdb (Full PDB)
