c:\users\cristian\desktop\test\tankssfml\tankssfml\x64\release\vc140.pdb
c:\users\cristian\desktop\test\tankssfml\tankssfml\x64\release\tile.obj
c:\users\cristian\desktop\test\tankssfml\tankssfml\x64\release\objects.obj
c:\users\cristian\desktop\test\tankssfml\tankssfml\x64\release\menu.obj
c:\users\cristian\desktop\test\tankssfml\tankssfml\x64\release\main.obj
c:\users\cristian\desktop\test\tankssfml\tankssfml\x64\release\keyboard.obj
c:\users\cristian\desktop\test\tankssfml\tankssfml\x64\release\getstart.obj
c:\users\cristian\desktop\test\tankssfml\tankssfml\x64\release\game.obj
c:\users\cristian\desktop\test\tankssfml\tankssfml\x64\release\attack.obj
c:\users\cristian\desktop\test\tankssfml\tankssfml\x64\release\ai.obj
c:\users\cristian\desktop\test\tankssfml\x64\release\tankssfml.exe
c:\users\cristian\desktop\test\tankssfml\x64\release\tankssfml.ipdb
c:\users\cristian\desktop\test\tankssfml\x64\release\tankssfml.iobj
c:\users\cristian\desktop\test\tankssfml\x64\release\tankssfml.pdb
c:\users\cristian\desktop\test\tankssfml\tankssfml\x64\release\tankssfml.tlog\cl.command.1.tlog
c:\users\cristian\desktop\test\tankssfml\tankssfml\x64\release\tankssfml.tlog\cl.read.1.tlog
c:\users\cristian\desktop\test\tankssfml\tankssfml\x64\release\tankssfml.tlog\cl.write.1.tlog
c:\users\cristian\desktop\test\tankssfml\tankssfml\x64\release\tankssfml.tlog\link.command.1.tlog
c:\users\cristian\desktop\test\tankssfml\tankssfml\x64\release\tankssfml.tlog\link.read.1.tlog
c:\users\cristian\desktop\test\tankssfml\tankssfml\x64\release\tankssfml.tlog\link.write.1.tlog
